<?xml version="1.0" encoding="UTF-8"?>
<testsuite xmlns:xsi="http://www.w3.org/2001/XMLSchema-instance" xsi:noNamespaceSchemaLocation="https://maven.apache.org/surefire/maven-surefire-plugin/xsd/surefire-test-report-3.0.xsd" version="3.0" name="test.java.com.logint.app.logint" time="0.062" tests="8" errors="0" skipped="0" failures="0">
  <properties>
[...]
</properties>
  <testcase name="testvalidation2Password" classname="test.java.com.logint.app.logint" time="0.031"/>
  <testcase name="testvalidation4Password" classname="test.java.com.logint.app.logint" time="0"/>
  <testcase name="testvalidation1email" classname="test.java.com.logint.app.logint" time="0"/>
  <testcase name="testvalidation2email" classname="test.java.com.logint.app.logint" time="0"/>
  <testcase name="testvalidation3email" classname="test.java.com.logint.app.logint" time="0"/>
  <testcase name="testvalidation4email" classname="test.java.com.logint.app.logint" time="0"/>
  <testcase name="testvalidation1Password" classname="test.java.com.logint.app.logint" time="0"/>
  <testcase name="testvalidation3Password" classname="test.java.com.logint.app.logint" time="0"/>
</testsuite>